<?xml version="1.0" encoding="UTF-8"?>
<!-- Generated by org.testng.reporters.JUnitReportReporter -->
<testsuite hostname="Owner-PC" name="sjcswank.com.guthub.seleniumTests.DashTests" tests="1" failures="0" timestamp="24 May 2019 19:21:07 GMT" time="15.029" errors="0">
  <testcase name="testCase01" time="15.029" classname="sjcswank.com.guthub.seleniumTests.DashTests"/>
</testsuite> <!-- sjcswank.com.guthub.seleniumTests.DashTests -->
