<?xml version="1.0" encoding="UTF-8"?>
<!-- Generated by org.testng.reporters.JUnitReportReporter -->
<testsuite hostname="Owner-PC" name="sjcswank.com.guthub.seleniumTests.ProjectsTests" tests="3" failures="0" timestamp="28 May 2019 18:44:28 GMT" time="47.539" errors="0">
  <testcase name="titleDisplayed" time="15.064" classname="sjcswank.com.guthub.seleniumTests.ProjectsTests"/>
  <testcase name="addMaterialButton" time="15.348" classname="sjcswank.com.guthub.seleniumTests.ProjectsTests"/>
  <testcase name="imgActive" time="17.127" classname="sjcswank.com.guthub.seleniumTests.ProjectsTests"/>
</testsuite> <!-- sjcswank.com.guthub.seleniumTests.ProjectsTests -->
