<?xml version="1.0" encoding="UTF-8"?>
<!-- Generated by org.testng.reporters.JUnitReportReporter -->
<testsuite hostname="Owner-PC" name="sjcswank.com.guthub.seleniumTests.DashTests" tests="7" failures="0" timestamp="24 May 2019 22:53:43 GMT" time="102.534" errors="0">
  <testcase name="ImgActive" time="13.384" classname="sjcswank.com.guthub.seleniumTests.DashTests"/>
  <testcase name="NewItemDropdown" time="16.242" classname="sjcswank.com.guthub.seleniumTests.DashTests"/>
  <testcase name="RecentTitles" time="13.649" classname="sjcswank.com.guthub.seleniumTests.DashTests"/>
  <testcase name="RecentTitles" time="14.878" classname="sjcswank.com.guthub.seleniumTests.DashTests"/>
  <testcase name="NewItemDropdown" time="15.677" classname="sjcswank.com.guthub.seleniumTests.DashTests"/>
  <testcase name="RecentTitles" time="14.016" classname="sjcswank.com.guthub.seleniumTests.DashTests"/>
  <testcase name="NewItemDropdown" time="14.688" classname="sjcswank.com.guthub.seleniumTests.DashTests"/>
</testsuite> <!-- sjcswank.com.guthub.seleniumTests.DashTests -->
