<?xml version="1.0" encoding="UTF-8"?>
<!-- Generated by org.testng.reporters.JUnitReportReporter -->
<testsuite hostname="Owner-PC" name="sjcswank.com.guthub.seleniumTests.SingleMaterialTests" tests="2" failures="0" timestamp="7 Jun 2019 21:08:43 GMT" time="33.458" errors="0">
  <testcase name="titleDisplayed" time="17.281" classname="sjcswank.com.guthub.seleniumTests.SingleMaterialTests"/>
  <testcase name="imgActive" time="16.177" classname="sjcswank.com.guthub.seleniumTests.SingleMaterialTests"/>
</testsuite> <!-- sjcswank.com.guthub.seleniumTests.SingleMaterialTests -->
