<?xml version="1.0" encoding="UTF-8"?>
<!-- Generated by org.testng.reporters.JUnitReportReporter -->
<testsuite hostname="Owner-PC" name="sjcswank.com.guthub.seleniumTests.LocationsTests" tests="3" failures="0" timestamp="28 May 2019 19:05:25 GMT" time="46.467" errors="0">
  <testcase name="titleDisplayed" time="15.410" classname="sjcswank.com.guthub.seleniumTests.LocationsTests"/>
  <testcase name="addMaterialButton" time="15.483" classname="sjcswank.com.guthub.seleniumTests.LocationsTests"/>
  <testcase name="imgActive" time="15.574" classname="sjcswank.com.guthub.seleniumTests.LocationsTests"/>
</testsuite> <!-- sjcswank.com.guthub.seleniumTests.LocationsTests -->
