<?xml version="1.0" encoding="UTF-8"?>
<!-- Generated by org.testng.reporters.JUnitReportReporter -->
<testsuite hostname="Owner-PC" name="sjcswank.com.guthub.seleniumTests.LoginTests" tests="7" failures="0" timestamp="24 May 2019 22:51:42 GMT" time="150.817" errors="0">
  <testcase name="testCase01" time="23.143" classname="sjcswank.com.guthub.seleniumTests.LoginTests"/>
  <testcase name="testCase01" time="22.448" classname="sjcswank.com.guthub.seleniumTests.LoginTests"/>
  <testcase name="testCase01" time="22.320" classname="sjcswank.com.guthub.seleniumTests.LoginTests"/>
  <testcase name="testCase01" time="23.828" classname="sjcswank.com.guthub.seleniumTests.LoginTests"/>
  <testcase name="testCase01" time="13.669" classname="sjcswank.com.guthub.seleniumTests.LoginTests"/>
  <testcase name="testCase01" time="22.932" classname="sjcswank.com.guthub.seleniumTests.LoginTests"/>
  <testcase name="testCase01" time="22.477" classname="sjcswank.com.guthub.seleniumTests.LoginTests"/>
</testsuite> <!-- sjcswank.com.guthub.seleniumTests.LoginTests -->
