<?xml version="1.0" encoding="UTF-8"?>
<!-- Generated by org.testng.reporters.JUnitReportReporter -->
<testsuite hostname="Owner-PC" name="sjcswank.com.guthub.seleniumTests.ProjectsTests" tests="3" failures="0" timestamp="30 May 2019 17:44:04 GMT" time="52.207" errors="0">
  <testcase name="addMaterialButton" time="16.578" classname="sjcswank.com.guthub.seleniumTests.ProjectsTests"/>
  <testcase name="titleDisplayed" time="15.659" classname="sjcswank.com.guthub.seleniumTests.ProjectsTests"/>
  <testcase name="imgActive" time="19.970" classname="sjcswank.com.guthub.seleniumTests.ProjectsTests"/>
</testsuite> <!-- sjcswank.com.guthub.seleniumTests.ProjectsTests -->
