<?xml version="1.0" encoding="UTF-8"?>
<!-- Generated by org.testng.reporters.JUnitReportReporter -->
<testsuite hostname="Owner-PC" name="sjcswank.com.guthub.seleniumTests.MaterialsTests" tests="3" failures="0" timestamp="28 May 2019 18:28:30 GMT" time="47.125" errors="0">
  <testcase name="titleDisplayed" time="14.980" classname="sjcswank.com.guthub.seleniumTests.MaterialsTests"/>
  <testcase name="addMaterialButton" time="16.315" classname="sjcswank.com.guthub.seleniumTests.MaterialsTests"/>
  <testcase name="imgActive" time="15.830" classname="sjcswank.com.guthub.seleniumTests.MaterialsTests"/>
</testsuite> <!-- sjcswank.com.guthub.seleniumTests.MaterialsTests -->
