<?xml version="1.0" encoding="UTF-8"?>
<!-- Generated by org.testng.reporters.JUnitReportReporter -->
<testsuite hostname="Owner-PC" name="sjcswank.com.guthub.seleniumTests.NewProjectTests" tests="11" failures="0" timestamp="30 May 2019 18:25:24 GMT" time="205.652" errors="0">
  <testcase name="newProject" time="25.791" classname="sjcswank.com.guthub.seleniumTests.NewProjectTests"/>
  <testcase name="newProject" time="15.462" classname="sjcswank.com.guthub.seleniumTests.NewProjectTests"/>
  <testcase name="newProject" time="23.718" classname="sjcswank.com.guthub.seleniumTests.NewProjectTests"/>
  <testcase name="cancelTest" time="14.739" classname="sjcswank.com.guthub.seleniumTests.NewProjectTests"/>
  <testcase name="newProject" time="24.555" classname="sjcswank.com.guthub.seleniumTests.NewProjectTests"/>
  <testcase name="newProject" time="15.104" classname="sjcswank.com.guthub.seleniumTests.NewProjectTests"/>
  <testcase name="newProject" time="15.432" classname="sjcswank.com.guthub.seleniumTests.NewProjectTests"/>
  <testcase name="newProject" time="25.559" classname="sjcswank.com.guthub.seleniumTests.NewProjectTests"/>
  <testcase name="newProject" time="14.829" classname="sjcswank.com.guthub.seleniumTests.NewProjectTests"/>
  <testcase name="newProject" time="14.881" classname="sjcswank.com.guthub.seleniumTests.NewProjectTests"/>
  <testcase name="newProject" time="15.582" classname="sjcswank.com.guthub.seleniumTests.NewProjectTests"/>
</testsuite> <!-- sjcswank.com.guthub.seleniumTests.NewProjectTests -->
