<?xml version="1.0" encoding="UTF-8"?>
<!-- Generated by org.testng.reporters.JUnitReportReporter -->
<testsuite hostname="Owner-PC" name="sjcswank.com.guthub.seleniumTests.NewLocationTests" tests="5" failures="0" timestamp="30 May 2019 20:37:35 GMT" time="96.499" errors="0">
  <testcase name="newLocationTest" time="14.402" classname="sjcswank.com.guthub.seleniumTests.NewLocationTests"/>
  <testcase name="cancelTest" time="15.278" classname="sjcswank.com.guthub.seleniumTests.NewLocationTests"/>
  <testcase name="newLocationTest" time="24.137" classname="sjcswank.com.guthub.seleniumTests.NewLocationTests"/>
  <testcase name="newLocationTest" time="16.481" classname="sjcswank.com.guthub.seleniumTests.NewLocationTests"/>
  <testcase name="newLocationTest" time="26.201" classname="sjcswank.com.guthub.seleniumTests.NewLocationTests"/>
</testsuite> <!-- sjcswank.com.guthub.seleniumTests.NewLocationTests -->
